Started GET "/" for 127.0.0.1 at 2018-05-23 14:04:15 +0530
Processing by Rails::WelcomeController#index as HTML
  Rendering /home/viva/.rvm/gems/ruby-2.5.1/gems/railties-5.2.0/lib/rails/templates/rails/welcome/index.html.erb
  Rendered /home/viva/.rvm/gems/ruby-2.5.1/gems/railties-5.2.0/lib/rails/templates/rails/welcome/index.html.erb (2.4ms)
Completed 200 OK in 38ms (Views: 22.5ms | ActiveRecord: 0.0ms)


Started GET "/" for 127.0.0.1 at 2018-05-23 14:26:20 +0530
  
ActiveRecord::NoDatabaseError (FATAL:  database "rails5bootstrap_development" does not exist
):
  
activerecord (5.2.0) lib/active_record/connection_adapters/postgresql_adapter.rb:688:in `rescue in connect'
activerecord (5.2.0) lib/active_record/connection_adapters/postgresql_adapter.rb:683:in `connect'
activerecord (5.2.0) lib/active_record/connection_adapters/postgresql_adapter.rb:215:in `initialize'
activerecord (5.2.0) lib/active_record/connection_adapters/postgresql_adapter.rb:40:in `new'
activerecord (5.2.0) lib/active_record/connection_adapters/postgresql_adapter.rb:40:in `postgresql_connection'
activerecord (5.2.0) lib/active_record/connection_adapters/abstract/connection_pool.rb:809:in `new_connection'
activerecord (5.2.0) lib/active_record/connection_adapters/abstract/connection_pool.rb:853:in `checkout_new_connection'
activerecord (5.2.0) lib/active_record/connection_adapters/abstract/connection_pool.rb:832:in `try_to_checkout_new_connection'
activerecord (5.2.0) lib/active_record/connection_adapters/abstract/connection_pool.rb:793:in `acquire_connection'
activerecord (5.2.0) lib/active_record/connection_adapters/abstract/connection_pool.rb:521:in `checkout'
activerecord (5.2.0) lib/active_record/connection_adapters/abstract/connection_pool.rb:380:in `connection'
activerecord (5.2.0) lib/active_record/connection_adapters/abstract/connection_pool.rb:1008:in `retrieve_connection'
activerecord (5.2.0) lib/active_record/connection_handling.rb:118:in `retrieve_connection'
activerecord (5.2.0) lib/active_record/connection_handling.rb:90:in `connection'
activerecord (5.2.0) lib/active_record/migration.rb:554:in `call'
actionpack (5.2.0) lib/action_dispatch/middleware/callbacks.rb:28:in `block in call'
activesupport (5.2.0) lib/active_support/callbacks.rb:98:in `run_callbacks'
actionpack (5.2.0) lib/action_dispatch/middleware/callbacks.rb:26:in `call'
actionpack (5.2.0) lib/action_dispatch/middleware/executor.rb:14:in `call'
actionpack (5.2.0) lib/action_dispatch/middleware/debug_exceptions.rb:61:in `call'
web-console (3.6.2) lib/web_console/middleware.rb:135:in `call_app'
web-console (3.6.2) lib/web_console/middleware.rb:30:in `block in call'
web-console (3.6.2) lib/web_console/middleware.rb:20:in `catch'
web-console (3.6.2) lib/web_console/middleware.rb:20:in `call'
actionpack (5.2.0) lib/action_dispatch/middleware/show_exceptions.rb:33:in `call'
railties (5.2.0) lib/rails/rack/logger.rb:38:in `call_app'
railties (5.2.0) lib/rails/rack/logger.rb:26:in `block in call'
activesupport (5.2.0) lib/active_support/tagged_logging.rb:71:in `block in tagged'
activesupport (5.2.0) lib/active_support/tagged_logging.rb:28:in `tagged'
activesupport (5.2.0) lib/active_support/tagged_logging.rb:71:in `tagged'
railties (5.2.0) lib/rails/rack/logger.rb:26:in `call'
sprockets-rails (3.2.1) lib/sprockets/rails/quiet_assets.rb:13:in `call'
actionpack (5.2.0) lib/action_dispatch/middleware/remote_ip.rb:81:in `call'
actionpack (5.2.0) lib/action_dispatch/middleware/request_id.rb:27:in `call'
rack (2.0.5) lib/rack/method_override.rb:22:in `call'
rack (2.0.5) lib/rack/runtime.rb:22:in `call'
activesupport (5.2.0) lib/active_support/cache/strategy/local_cache_middleware.rb:29:in `call'
actionpack (5.2.0) lib/action_dispatch/middleware/executor.rb:14:in `call'
actionpack (5.2.0) lib/action_dispatch/middleware/static.rb:127:in `call'
rack (2.0.5) lib/rack/sendfile.rb:111:in `call'
railties (5.2.0) lib/rails/engine.rb:524:in `call'
puma (3.11.4) lib/puma/configuration.rb:225:in `call'
puma (3.11.4) lib/puma/server.rb:632:in `handle_request'
puma (3.11.4) lib/puma/server.rb:446:in `process_client'
puma (3.11.4) lib/puma/server.rb:306:in `block in run'
puma (3.11.4) lib/puma/thread_pool.rb:120:in `block in spawn_thread'
  [1m[35m (608.2ms)[0m  [1m[35mCREATE DATABASE "rails5bootstrap_development" ENCODING = 'unicode'[0m
  ↳ /home/viva/.rvm/gems/ruby-2.5.1/bin/rake:23
  [1m[35m (607.4ms)[0m  [1m[35mCREATE DATABASE "rails5bootstrap_test" ENCODING = 'unicode'[0m
  ↳ /home/viva/.rvm/gems/ruby-2.5.1/bin/rake:23
Started GET "/" for 127.0.0.1 at 2018-05-23 14:26:45 +0530
Processing by Rails::WelcomeController#index as HTML
  Rendering /home/viva/.rvm/gems/ruby-2.5.1/gems/railties-5.2.0/lib/rails/templates/rails/welcome/index.html.erb
  Rendered /home/viva/.rvm/gems/ruby-2.5.1/gems/railties-5.2.0/lib/rails/templates/rails/welcome/index.html.erb (1.4ms)
Completed 200 OK in 9ms (Views: 2.7ms | ActiveRecord: 0.0ms)


Started GET "/" for 127.0.0.1 at 2018-05-23 14:26:48 +0530
Processing by Rails::WelcomeController#index as HTML
  Rendering /home/viva/.rvm/gems/ruby-2.5.1/gems/railties-5.2.0/lib/rails/templates/rails/welcome/index.html.erb
  Rendered /home/viva/.rvm/gems/ruby-2.5.1/gems/railties-5.2.0/lib/rails/templates/rails/welcome/index.html.erb (1.7ms)
Completed 200 OK in 3ms (Views: 2.4ms | ActiveRecord: 0.0ms)


Started GET "/" for 127.0.0.1 at 2018-05-23 14:26:48 +0530
Processing by Rails::WelcomeController#index as HTML
  Rendering /home/viva/.rvm/gems/ruby-2.5.1/gems/railties-5.2.0/lib/rails/templates/rails/welcome/index.html.erb
  Rendered /home/viva/.rvm/gems/ruby-2.5.1/gems/railties-5.2.0/lib/rails/templates/rails/welcome/index.html.erb (1.2ms)
Completed 200 OK in 2ms (Views: 1.8ms | ActiveRecord: 0.0ms)


Started GET "/" for 127.0.0.1 at 2018-05-23 14:26:49 +0530
Processing by Rails::WelcomeController#index as HTML
  Rendering /home/viva/.rvm/gems/ruby-2.5.1/gems/railties-5.2.0/lib/rails/templates/rails/welcome/index.html.erb
  Rendered /home/viva/.rvm/gems/ruby-2.5.1/gems/railties-5.2.0/lib/rails/templates/rails/welcome/index.html.erb (1.2ms)
Completed 200 OK in 2ms (Views: 1.8ms | ActiveRecord: 0.0ms)


Started GET "/" for 127.0.0.1 at 2018-05-23 14:26:49 +0530
Processing by Rails::WelcomeController#index as HTML
  Rendering /home/viva/.rvm/gems/ruby-2.5.1/gems/railties-5.2.0/lib/rails/templates/rails/welcome/index.html.erb
  Rendered /home/viva/.rvm/gems/ruby-2.5.1/gems/railties-5.2.0/lib/rails/templates/rails/welcome/index.html.erb (1.3ms)
Completed 200 OK in 3ms (Views: 2.0ms | ActiveRecord: 0.0ms)


Started GET "/" for 127.0.0.1 at 2018-05-23 14:27:38 +0530
Processing by PagesController#index as HTML
  Rendering pages/index.html.erb within layouts/application
  Rendered pages/index.html.erb within layouts/application (0.4ms)
Completed 200 OK in 3396ms (Views: 3395.0ms | ActiveRecord: 0.0ms)


Started GET "/" for 127.0.0.1 at 2018-05-23 14:36:10 +0530
Processing by PagesController#index as HTML
  Rendering pages/index.html.erb within layouts/application
  Rendered pages/index.html.erb within layouts/application (0.4ms)
Completed 200 OK in 40ms (Views: 38.2ms | ActiveRecord: 0.0ms)


Started GET "/" for 127.0.0.1 at 2018-05-23 14:38:40 +0530
Processing by PagesController#index as HTML
  Rendering pages/index.html.erb within layouts/application
  Rendered pages/index.html.erb within layouts/application (0.2ms)
Completed 200 OK in 25ms (Views: 24.4ms | ActiveRecord: 0.0ms)


Started GET "/" for 127.0.0.1 at 2018-05-23 14:38:41 +0530
Processing by PagesController#index as HTML
  Rendering pages/index.html.erb within layouts/application
  Rendered pages/index.html.erb within layouts/application (0.3ms)
Completed 200 OK in 44ms (Views: 43.2ms | ActiveRecord: 0.0ms)


Started GET "/" for 127.0.0.1 at 2018-05-23 14:39:39 +0530
Processing by PagesController#index as HTML
  Rendering pages/index.html.erb within layouts/application
  Rendered pages/index.html.erb within layouts/application (0.3ms)
Completed 200 OK in 32ms (Views: 31.8ms | ActiveRecord: 0.0ms)


Started GET "/" for 127.0.0.1 at 2018-05-23 14:39:43 +0530
Processing by PagesController#index as HTML
  Rendering pages/index.html.erb within layouts/application
  Rendered pages/index.html.erb within layouts/application (0.5ms)
Completed 200 OK in 35ms (Views: 34.1ms | ActiveRecord: 0.0ms)


Started GET "/" for 127.0.0.1 at 2018-05-23 14:39:43 +0530
Processing by PagesController#index as HTML
  Rendering pages/index.html.erb within layouts/application
  Rendered pages/index.html.erb within layouts/application (0.5ms)
Completed 200 OK in 55ms (Views: 54.0ms | ActiveRecord: 0.0ms)


Started GET "/" for 127.0.0.1 at 2018-05-23 14:45:22 +0530
Processing by PagesController#index as HTML
  Rendering pages/index.html.erb within layouts/application
  Rendered pages/index.html.erb within layouts/application (0.4ms)
Completed 200 OK in 1359ms (Views: 1353.3ms | ActiveRecord: 0.0ms)


Started GET "/" for 127.0.0.1 at 2018-05-23 14:45:25 +0530
Processing by PagesController#index as HTML
  Rendering pages/index.html.erb within layouts/application
  Rendered pages/index.html.erb within layouts/application (0.5ms)
Completed 200 OK in 64ms (Views: 63.4ms | ActiveRecord: 0.0ms)


Started GET "/" for 127.0.0.1 at 2018-05-23 14:45:33 +0530
Processing by PagesController#index as HTML
  Rendering pages/index.html.erb within layouts/application
  Rendered pages/index.html.erb within layouts/application (0.3ms)
Completed 200 OK in 31ms (Views: 29.8ms | ActiveRecord: 0.0ms)


Started GET "/" for 127.0.0.1 at 2018-05-23 14:46:16 +0530
Processing by PagesController#index as HTML
  Rendering pages/index.html.erb within layouts/application
  Rendered pages/index.html.erb within layouts/application (0.3ms)
Completed 200 OK in 31ms (Views: 29.2ms | ActiveRecord: 0.0ms)


Started GET "/" for 127.0.0.1 at 2018-05-23 14:46:49 +0530
Processing by PagesController#index as HTML
  Rendering pages/index.html.erb within layouts/application
  Rendered pages/index.html.erb within layouts/application (0.4ms)
Completed 200 OK in 185ms (Views: 179.6ms | ActiveRecord: 0.0ms)


Started GET "/" for 127.0.0.1 at 2018-05-23 14:46:50 +0530
Processing by PagesController#index as HTML
  Rendering pages/index.html.erb within layouts/application
  Rendered pages/index.html.erb within layouts/application (0.3ms)
Completed 200 OK in 68ms (Views: 67.7ms | ActiveRecord: 0.0ms)


Started GET "/" for 127.0.0.1 at 2018-05-23 14:46:51 +0530
Processing by PagesController#index as HTML
  Rendering pages/index.html.erb within layouts/application
  Rendered pages/index.html.erb within layouts/application (0.4ms)
Completed 200 OK in 29ms (Views: 27.9ms | ActiveRecord: 0.0ms)


Started GET "/" for 127.0.0.1 at 2018-05-23 14:47:13 +0530
Processing by PagesController#index as HTML
  Rendering pages/index.html.erb within layouts/application
  Rendered pages/index.html.erb within layouts/application (0.5ms)
Completed 200 OK in 29ms (Views: 28.4ms | ActiveRecord: 0.0ms)


Started GET "/" for 127.0.0.1 at 2018-05-23 14:50:45 +0530
Processing by PagesController#index as HTML
  Rendering pages/index.html.erb within layouts/application
  Rendered pages/index.html.erb within layouts/application (0.3ms)
Completed 200 OK in 26ms (Views: 25.5ms | ActiveRecord: 0.0ms)


Started GET "/" for 127.0.0.1 at 2018-05-23 14:51:16 +0530
Processing by PagesController#index as HTML
  Rendering pages/index.html.erb within layouts/application
  Rendered pages/index.html.erb within layouts/application (0.2ms)
Completed 200 OK in 1164ms (Views: 1162.1ms | ActiveRecord: 0.0ms)


Started GET "/" for 127.0.0.1 at 2018-05-23 14:52:28 +0530
Processing by PagesController#index as HTML
  Rendering pages/index.html.erb within layouts/application
  Rendered pages/index.html.erb within layouts/application (0.2ms)
  Rendered layouts/_header.html.erb (0.4ms)
Completed 200 OK in 95ms (Views: 94.2ms | ActiveRecord: 0.0ms)


Started GET "/" for 127.0.0.1 at 2018-05-23 14:56:48 +0530
Processing by PagesController#index as HTML
  Rendering pages/index.html.erb within layouts/application
  Rendered pages/index.html.erb within layouts/application (0.2ms)
  Rendered layouts/_header.html.erb (0.5ms)
Completed 200 OK in 31ms (Views: 29.8ms | ActiveRecord: 0.0ms)


Started GET "/" for 127.0.0.1 at 2018-05-23 14:57:21 +0530
Processing by PagesController#index as HTML
  Rendering pages/index.html.erb within layouts/application
  Rendered pages/index.html.erb within layouts/application (0.3ms)
  Rendered layouts/_header.html.erb (0.3ms)
Completed 200 OK in 115ms (Views: 113.7ms | ActiveRecord: 0.0ms)


Started GET "/" for 127.0.0.1 at 2018-05-23 14:57:22 +0530
Processing by PagesController#index as HTML
  Rendering pages/index.html.erb within layouts/application
  Rendered pages/index.html.erb within layouts/application (0.4ms)
  Rendered layouts/_header.html.erb (0.3ms)
Completed 200 OK in 34ms (Views: 33.0ms | ActiveRecord: 0.0ms)


Started GET "/" for 127.0.0.1 at 2018-05-23 14:57:27 +0530
Processing by PagesController#index as HTML
  Rendering pages/index.html.erb within layouts/application
  Rendered pages/index.html.erb within layouts/application (0.2ms)
  Rendered layouts/_header.html.erb (0.5ms)
Completed 200 OK in 28ms (Views: 26.9ms | ActiveRecord: 0.0ms)


Started GET "/" for 127.0.0.1 at 2018-05-23 14:57:36 +0530
Processing by PagesController#index as HTML
  Rendering pages/index.html.erb within layouts/application
  Rendered pages/index.html.erb within layouts/application (0.4ms)
  Rendered layouts/_header.html.erb (0.3ms)
Completed 200 OK in 286ms (Views: 280.2ms | ActiveRecord: 0.0ms)


Started GET "/" for 127.0.0.1 at 2018-05-23 14:57:49 +0530
Processing by PagesController#index as HTML
  Rendering pages/index.html.erb within layouts/application
  Rendered pages/index.html.erb within layouts/application (0.3ms)
  Rendered layouts/_header.html.erb (0.2ms)
Completed 200 OK in 191ms (Views: 190.2ms | ActiveRecord: 0.0ms)


Started GET "/" for 127.0.0.1 at 2018-05-23 14:59:45 +0530
Processing by PagesController#index as HTML
  Rendering pages/index.html.erb within layouts/application
  Rendered pages/index.html.erb within layouts/application (0.3ms)
  Rendered layouts/_header.html.erb (0.2ms)
Completed 200 OK in 1154ms (Views: 1152.9ms | ActiveRecord: 0.0ms)


Started GET "/" for 127.0.0.1 at 2018-05-23 15:04:29 +0530
Processing by PagesController#index as HTML
  Rendering pages/index.html.erb within layouts/application
  Rendered pages/index.html.erb within layouts/application (0.3ms)
  Rendered layouts/_header.html.erb (0.2ms)
Completed 200 OK in 44ms (Views: 42.3ms | ActiveRecord: 0.0ms)


Started GET "/" for 127.0.0.1 at 2018-05-23 15:05:54 +0530
Processing by PagesController#index as HTML
  Rendering pages/index.html.erb within layouts/application
  Rendered pages/index.html.erb within layouts/application (0.3ms)
  Rendered layouts/_header.html.erb (0.2ms)
Completed 200 OK in 66ms (Views: 65.3ms | ActiveRecord: 0.0ms)


Started GET "/" for 127.0.0.1 at 2018-05-23 15:13:59 +0530
Processing by PagesController#index as HTML
  Rendering pages/index.html.erb within layouts/application
  Rendered pages/index.html.erb within layouts/application (0.3ms)
  Rendered layouts/_header.html.erb (0.3ms)
Completed 200 OK in 1036ms (Views: 1035.4ms | ActiveRecord: 0.0ms)


Started GET "/" for 127.0.0.1 at 2018-05-23 15:57:50 +0530
  
ActiveRecord::PendingMigrationError (

Migrations are pending. To resolve this issue, run:

        bin/rails db:migrate RAILS_ENV=development

):
  
activerecord (5.2.0) lib/active_record/migration.rb:579:in `check_pending!'
activerecord (5.2.0) lib/active_record/migration.rb:556:in `call'
actionpack (5.2.0) lib/action_dispatch/middleware/callbacks.rb:28:in `block in call'
activesupport (5.2.0) lib/active_support/callbacks.rb:98:in `run_callbacks'
actionpack (5.2.0) lib/action_dispatch/middleware/callbacks.rb:26:in `call'
actionpack (5.2.0) lib/action_dispatch/middleware/executor.rb:14:in `call'
actionpack (5.2.0) lib/action_dispatch/middleware/debug_exceptions.rb:61:in `call'
web-console (3.6.2) lib/web_console/middleware.rb:135:in `call_app'
web-console (3.6.2) lib/web_console/middleware.rb:30:in `block in call'
web-console (3.6.2) lib/web_console/middleware.rb:20:in `catch'
web-console (3.6.2) lib/web_console/middleware.rb:20:in `call'
actionpack (5.2.0) lib/action_dispatch/middleware/show_exceptions.rb:33:in `call'
railties (5.2.0) lib/rails/rack/logger.rb:38:in `call_app'
railties (5.2.0) lib/rails/rack/logger.rb:26:in `block in call'
activesupport (5.2.0) lib/active_support/tagged_logging.rb:71:in `block in tagged'
activesupport (5.2.0) lib/active_support/tagged_logging.rb:28:in `tagged'
activesupport (5.2.0) lib/active_support/tagged_logging.rb:71:in `tagged'
railties (5.2.0) lib/rails/rack/logger.rb:26:in `call'
sprockets-rails (3.2.1) lib/sprockets/rails/quiet_assets.rb:13:in `call'
actionpack (5.2.0) lib/action_dispatch/middleware/remote_ip.rb:81:in `call'
actionpack (5.2.0) lib/action_dispatch/middleware/request_id.rb:27:in `call'
rack (2.0.5) lib/rack/method_override.rb:22:in `call'
rack (2.0.5) lib/rack/runtime.rb:22:in `call'
activesupport (5.2.0) lib/active_support/cache/strategy/local_cache_middleware.rb:29:in `call'
actionpack (5.2.0) lib/action_dispatch/middleware/executor.rb:14:in `call'
actionpack (5.2.0) lib/action_dispatch/middleware/static.rb:127:in `call'
rack (2.0.5) lib/rack/sendfile.rb:111:in `call'
railties (5.2.0) lib/rails/engine.rb:524:in `call'
puma (3.11.4) lib/puma/configuration.rb:225:in `call'
puma (3.11.4) lib/puma/server.rb:632:in `handle_request'
puma (3.11.4) lib/puma/server.rb:446:in `process_client'
puma (3.11.4) lib/puma/server.rb:306:in `block in run'
puma (3.11.4) lib/puma/thread_pool.rb:120:in `block in spawn_thread'
  [1m[35m (72.3ms)[0m  [1m[35mCREATE TABLE "schema_migrations" ("version" character varying NOT NULL PRIMARY KEY)[0m
  ↳ bin/rails:9
  [1m[35m (72.7ms)[0m  [1m[35mCREATE TABLE "ar_internal_metadata" ("key" character varying NOT NULL PRIMARY KEY, "value" character varying, "created_at" timestamp NOT NULL, "updated_at" timestamp NOT NULL)[0m
  ↳ bin/rails:9
  [1m[35m (0.3ms)[0m  [1m[34mSELECT pg_try_advisory_lock(1724095074345726075)[0m
  ↳ bin/rails:9
  [1m[35m (0.3ms)[0m  [1m[34mSELECT "schema_migrations"."version" FROM "schema_migrations" ORDER BY "schema_migrations"."version" ASC[0m
  ↳ bin/rails:9
Migrating to DeviseCreateUsers (20180523095903)
  [1m[35m (0.2ms)[0m  [1m[35mBEGIN[0m
  ↳ bin/rails:9
  [1m[35m (97.0ms)[0m  [1m[35mCREATE TABLE "users" ("id" bigserial primary key, "email" character varying DEFAULT '' NOT NULL, "encrypted_password" character varying DEFAULT '' NOT NULL, "reset_password_token" character varying, "reset_password_sent_at" timestamp, "remember_created_at" timestamp, "sign_in_count" integer DEFAULT 0 NOT NULL, "current_sign_in_at" timestamp, "last_sign_in_at" timestamp, "current_sign_in_ip" inet, "last_sign_in_ip" inet, "created_at" timestamp NOT NULL, "updated_at" timestamp NOT NULL)[0m
  ↳ db/migrate/20180523095903_devise_create_users.rb:5
  [1m[35m (23.8ms)[0m  [1m[35mCREATE UNIQUE INDEX  "index_users_on_email" ON "users"  ("email")[0m
  ↳ db/migrate/20180523095903_devise_create_users.rb:39
  [1m[35m (24.1ms)[0m  [1m[35mCREATE UNIQUE INDEX  "index_users_on_reset_password_token" ON "users"  ("reset_password_token")[0m
  ↳ db/migrate/20180523095903_devise_create_users.rb:40
  [1m[36mActiveRecord::SchemaMigration Create (0.3ms)[0m  [1m[32mINSERT INTO "schema_migrations" ("version") VALUES ($1) RETURNING "version"[0m  [["version", "20180523095903"]]
  ↳ bin/rails:9
  [1m[35m (9.3ms)[0m  [1m[35mCOMMIT[0m
  ↳ bin/rails:9
  [1m[36mActiveRecord::InternalMetadata Load (25.7ms)[0m  [1m[34mSELECT  "ar_internal_metadata".* FROM "ar_internal_metadata" WHERE "ar_internal_metadata"."key" = $1 LIMIT $2[0m  [["key", "environment"], ["LIMIT", 1]]
  ↳ bin/rails:9
  [1m[35m (0.1ms)[0m  [1m[35mBEGIN[0m
  ↳ bin/rails:9
  [1m[36mActiveRecord::InternalMetadata Create (0.3ms)[0m  [1m[32mINSERT INTO "ar_internal_metadata" ("key", "value", "created_at", "updated_at") VALUES ($1, $2, $3, $4) RETURNING "key"[0m  [["key", "environment"], ["value", "development"], ["created_at", "2018-05-23 10:28:01.618689"], ["updated_at", "2018-05-23 10:28:01.618689"]]
  ↳ bin/rails:9
  [1m[35m (29.7ms)[0m  [1m[35mCOMMIT[0m
  ↳ bin/rails:9
  [1m[35m (0.2ms)[0m  [1m[34mSELECT pg_advisory_unlock(1724095074345726075)[0m
  ↳ bin/rails:9
  [1m[35m (0.3ms)[0m  [1m[34mSELECT "schema_migrations"."version" FROM "schema_migrations" ORDER BY "schema_migrations"."version" ASC[0m
  ↳ bin/rails:9
Started GET "/" for 127.0.0.1 at 2018-05-23 15:58:10 +0530
  [1m[35m (0.4ms)[0m  [1m[34mSELECT "schema_migrations"."version" FROM "schema_migrations" ORDER BY "schema_migrations"."version" ASC[0m
  ↳ /home/viva/.rvm/gems/ruby-2.5.1/gems/activerecord-5.2.0/lib/active_record/log_subscriber.rb:98
Processing by PagesController#index as HTML
  Rendering pages/index.html.erb within layouts/application
  Rendered pages/index.html.erb within layouts/application (0.4ms)
  Rendered layouts/_header.html.erb (0.2ms)
Completed 200 OK in 301ms (Views: 294.4ms | ActiveRecord: 0.0ms)


Started GET "/" for 127.0.0.1 at 2018-05-23 16:00:30 +0530
Processing by PagesController#index as HTML
  Rendering pages/index.html.erb within layouts/application
  Rendered pages/index.html.erb within layouts/application (0.3ms)
  Rendered layouts/_header.html.erb (0.2ms)
Completed 200 OK in 32ms (Views: 30.9ms | ActiveRecord: 0.0ms)


Started GET "/" for 127.0.0.1 at 2018-05-23 16:01:32 +0530
Processing by PagesController#index as HTML
  Rendering pages/index.html.erb within layouts/application
  Rendered pages/index.html.erb within layouts/application (0.4ms)
  Rendered layouts/_header.html.erb (0.2ms)
Completed 200 OK in 34ms (Views: 32.7ms | ActiveRecord: 0.0ms)


Started GET "/" for 127.0.0.1 at 2018-05-23 16:01:33 +0530
Processing by PagesController#index as HTML
  Rendering pages/index.html.erb within layouts/application
  Rendered pages/index.html.erb within layouts/application (0.3ms)
  Rendered layouts/_header.html.erb (0.2ms)
Completed 200 OK in 30ms (Views: 29.0ms | ActiveRecord: 0.0ms)


Started GET "/" for 127.0.0.1 at 2018-05-23 16:02:04 +0530
Processing by PagesController#index as HTML
  Rendering pages/index.html.erb within layouts/application
  Rendered pages/index.html.erb within layouts/application (0.4ms)
  Rendered layouts/_header.html.erb (0.2ms)
Completed 200 OK in 48ms (Views: 47.3ms | ActiveRecord: 0.0ms)


Started GET "/" for 127.0.0.1 at 2018-05-23 16:02:05 +0530
Processing by PagesController#index as HTML
  Rendering pages/index.html.erb within layouts/application
  Rendered pages/index.html.erb within layouts/application (0.3ms)
  Rendered layouts/_header.html.erb (0.3ms)
Completed 200 OK in 41ms (Views: 40.1ms | ActiveRecord: 0.0ms)


Started GET "/" for 127.0.0.1 at 2018-05-23 16:05:53 +0530
Processing by PagesController#index as HTML
  Rendering pages/index.html.erb within layouts/application
  Rendered pages/index.html.erb within layouts/application (0.7ms)
  Rendered layouts/_login_items.html.erb (1.0ms)
  Rendered layouts/_header.html.erb (2.0ms)
Completed 500 Internal Server Error in 46ms (ActiveRecord: 0.0ms)


  
SyntaxError (/home/viva/rails5base/app/views/layouts/_login_items.html.erb:4: syntax error, unexpected ',', expecting ')'
...=( link_to('Logout'.html_safe,, destroy_user_session_path, m...
...                              ^
/home/viva/rails5base/app/views/layouts/_login_items.html.erb:4: syntax error, unexpected ')', expecting keyword_end
...ession_path, method: :delete) );@output_buffer.safe_append='
...                              ^
/home/viva/rails5base/app/views/layouts/_login_items.html.erb:8: syntax error, unexpected ',', expecting ')'
...-in"></span> Login'.html_safe,, new_user_session_path)  );@o...
...                              ^
/home/viva/rails5base/app/views/layouts/_login_items.html.erb:14: syntax error, unexpected ',', expecting ')'
...k_to('Edit Profile'.html_safe,, edit_user_registration_path)...
...                              ^
/home/viva/rails5base/app/views/layouts/_login_items.html.erb:18: syntax error, unexpected ',', expecting ')'
...r"></span> Sign Up'.html_safe,, new_user_registration_path) ...
...                              ^):
  
app/views/layouts/_login_items.html.erb:4: syntax error, unexpected ',', expecting ')'
app/views/layouts/_login_items.html.erb:4: syntax error, unexpected ')', expecting keyword_end
app/views/layouts/_login_items.html.erb:8: syntax error, unexpected ',', expecting ')'
app/views/layouts/_login_items.html.erb:14: syntax error, unexpected ',', expecting ')'
app/views/layouts/_login_items.html.erb:18: syntax error, unexpected ',', expecting ')'
app/views/layouts/_header.html.erb:19:in `_app_views_layouts__header_html_erb__3087099139377621289_70315031699180'
app/views/layouts/application.html.erb:13:in `_app_views_layouts_application_html_erb__2643046489190573158_70315033808400'
Started GET "/" for 127.0.0.1 at 2018-05-23 16:08:21 +0530
Processing by PagesController#index as HTML
  Rendering pages/index.html.erb within layouts/application
  Rendered pages/index.html.erb within layouts/application (0.2ms)
  Rendered layouts/_login_items.html.erb (3.9ms)
  Rendered layouts/_header.html.erb (4.9ms)
Completed 200 OK in 34ms (Views: 33.3ms | ActiveRecord: 0.0ms)


Started GET "/" for 127.0.0.1 at 2018-05-23 16:08:53 +0530
Processing by PagesController#index as HTML
  Rendering pages/index.html.erb within layouts/application
  Rendered pages/index.html.erb within layouts/application (0.3ms)
  Rendered layouts/_header.html.erb (0.3ms)
Completed 200 OK in 32ms (Views: 31.1ms | ActiveRecord: 0.0ms)


Started GET "/" for 127.0.0.1 at 2018-05-23 16:10:16 +0530
Processing by PagesController#index as HTML
  Rendering pages/index.html.erb within layouts/application
  Rendered pages/index.html.erb within layouts/application (0.3ms)
  Rendered layouts/_login_items.html.erb (1.0ms)
  Rendered layouts/_header.html.erb (1.7ms)
Completed 200 OK in 36ms (Views: 35.4ms | ActiveRecord: 0.0ms)


Started GET "/" for 127.0.0.1 at 2018-05-23 16:10:22 +0530
Processing by PagesController#index as HTML
  Rendering pages/index.html.erb within layouts/application
  Rendered pages/index.html.erb within layouts/application (0.3ms)
  Rendered layouts/_login_items.html.erb (0.6ms)
  Rendered layouts/_header.html.erb (1.6ms)
Completed 200 OK in 38ms (Views: 37.1ms | ActiveRecord: 0.0ms)


Started GET "/" for 127.0.0.1 at 2018-05-23 16:10:39 +0530
Processing by PagesController#index as HTML
  Rendering pages/index.html.erb within layouts/application
  Rendered pages/index.html.erb within layouts/application (0.5ms)
  Rendered layouts/_login_items.html.erb (0.9ms)
  Rendered layouts/_header.html.erb (1.8ms)
Completed 200 OK in 51ms (Views: 49.6ms | ActiveRecord: 0.0ms)


Started GET "/" for 127.0.0.1 at 2018-05-23 16:11:01 +0530
Processing by PagesController#index as HTML
  Rendering pages/index.html.erb within layouts/application
  Rendered pages/index.html.erb within layouts/application (0.2ms)
  Rendered layouts/_login_items.html.erb (0.8ms)
  Rendered layouts/_header.html.erb (1.5ms)
Completed 200 OK in 33ms (Views: 32.7ms | ActiveRecord: 0.0ms)


Started GET "/" for 127.0.0.1 at 2018-05-23 16:11:36 +0530
Processing by PagesController#index as HTML
  Rendering pages/index.html.erb within layouts/application
  Rendered pages/index.html.erb within layouts/application (0.2ms)
  Rendered layouts/_login_items.html.erb (0.7ms)
  Rendered layouts/_header.html.erb (1.3ms)
Completed 200 OK in 35ms (Views: 34.1ms | ActiveRecord: 0.0ms)


Started GET "/" for 127.0.0.1 at 2018-05-23 16:11:42 +0530
Processing by PagesController#index as HTML
  Rendering pages/index.html.erb within layouts/application
  Rendered pages/index.html.erb within layouts/application (0.3ms)
  Rendered layouts/_login_items.html.erb (0.8ms)
  Rendered layouts/_header.html.erb (2.5ms)
Completed 200 OK in 38ms (Views: 37.6ms | ActiveRecord: 0.0ms)


Started GET "/users/sign_up" for 127.0.0.1 at 2018-05-23 16:11:43 +0530
Processing by Devise::RegistrationsController#new as HTML
  Rendering /home/viva/.rvm/gems/ruby-2.5.1/gems/devise-4.4.3/app/views/devise/registrations/new.html.erb within layouts/application
  Rendered /home/viva/.rvm/gems/ruby-2.5.1/gems/devise-4.4.3/app/views/devise/shared/_links.html.erb (0.8ms)
  Rendered /home/viva/.rvm/gems/ruby-2.5.1/gems/devise-4.4.3/app/views/devise/registrations/new.html.erb within layouts/application (67.9ms)
  Rendered layouts/_login_items.html.erb (0.7ms)
  Rendered layouts/_header.html.erb (1.4ms)
Completed 200 OK in 112ms (Views: 98.5ms | ActiveRecord: 2.8ms)


Started GET "/users/sign_in" for 127.0.0.1 at 2018-05-23 16:11:44 +0530
Processing by Users::SessionsController#new as HTML
  Rendering users/sessions/new.html.erb within layouts/application
  Rendered users/shared/_links.html.erb (0.8ms)
  Rendered users/sessions/new.html.erb within layouts/application (5.4ms)
  Rendered layouts/_login_items.html.erb (0.6ms)
  Rendered layouts/_header.html.erb (1.2ms)
Completed 200 OK in 38ms (Views: 36.6ms | ActiveRecord: 0.0ms)


Started GET "/users/sign_up" for 127.0.0.1 at 2018-05-23 16:11:45 +0530
Processing by Devise::RegistrationsController#new as HTML
  Rendering /home/viva/.rvm/gems/ruby-2.5.1/gems/devise-4.4.3/app/views/devise/registrations/new.html.erb within layouts/application
  Rendered /home/viva/.rvm/gems/ruby-2.5.1/gems/devise-4.4.3/app/views/devise/shared/_links.html.erb (0.9ms)
  Rendered /home/viva/.rvm/gems/ruby-2.5.1/gems/devise-4.4.3/app/views/devise/registrations/new.html.erb within layouts/application (3.7ms)
  Rendered layouts/_login_items.html.erb (0.7ms)
  Rendered layouts/_header.html.erb (1.5ms)
Completed 200 OK in 48ms (Views: 46.8ms | ActiveRecord: 0.0ms)


Started GET "/users/sign_in" for 127.0.0.1 at 2018-05-23 16:11:46 +0530
Processing by Users::SessionsController#new as HTML
  Rendering users/sessions/new.html.erb within layouts/application
  Rendered users/shared/_links.html.erb (0.9ms)
  Rendered users/sessions/new.html.erb within layouts/application (4.6ms)
  Rendered layouts/_login_items.html.erb (0.6ms)
  Rendered layouts/_header.html.erb (1.9ms)
Completed 200 OK in 52ms (Views: 50.2ms | ActiveRecord: 0.0ms)


Started GET "/users/sign_up" for 127.0.0.1 at 2018-05-23 16:11:47 +0530
Processing by Devise::RegistrationsController#new as HTML
  Rendering /home/viva/.rvm/gems/ruby-2.5.1/gems/devise-4.4.3/app/views/devise/registrations/new.html.erb within layouts/application
  Rendered /home/viva/.rvm/gems/ruby-2.5.1/gems/devise-4.4.3/app/views/devise/shared/_links.html.erb (1.0ms)
  Rendered /home/viva/.rvm/gems/ruby-2.5.1/gems/devise-4.4.3/app/views/devise/registrations/new.html.erb within layouts/application (4.7ms)
  Rendered layouts/_login_items.html.erb (0.6ms)
  Rendered layouts/_header.html.erb (1.2ms)
Completed 200 OK in 41ms (Views: 40.0ms | ActiveRecord: 0.0ms)


Started GET "/users/sign_in" for 127.0.0.1 at 2018-05-23 16:11:48 +0530
Processing by Users::SessionsController#new as HTML
  Rendering users/sessions/new.html.erb within layouts/application
  Rendered users/shared/_links.html.erb (0.8ms)
  Rendered users/sessions/new.html.erb within layouts/application (3.3ms)
  Rendered layouts/_login_items.html.erb (0.6ms)
  Rendered layouts/_header.html.erb (1.2ms)
Completed 200 OK in 37ms (Views: 36.5ms | ActiveRecord: 0.0ms)


Started GET "/users/sign_up" for 127.0.0.1 at 2018-05-23 16:11:49 +0530
Processing by Devise::RegistrationsController#new as HTML
  Rendering /home/viva/.rvm/gems/ruby-2.5.1/gems/devise-4.4.3/app/views/devise/registrations/new.html.erb within layouts/application
  Rendered /home/viva/.rvm/gems/ruby-2.5.1/gems/devise-4.4.3/app/views/devise/shared/_links.html.erb (1.9ms)
  Rendered /home/viva/.rvm/gems/ruby-2.5.1/gems/devise-4.4.3/app/views/devise/registrations/new.html.erb within layouts/application (9.1ms)
  Rendered layouts/_login_items.html.erb (1.1ms)
  Rendered layouts/_header.html.erb (2.1ms)
Completed 200 OK in 78ms (Views: 76.5ms | ActiveRecord: 0.0ms)


Started GET "/users/sign_in" for 127.0.0.1 at 2018-05-23 16:11:49 +0530
Processing by Users::SessionsController#new as HTML
  Rendering users/sessions/new.html.erb within layouts/application
  Rendered users/shared/_links.html.erb (0.9ms)
  Rendered users/sessions/new.html.erb within layouts/application (3.6ms)
  Rendered layouts/_login_items.html.erb (0.5ms)
  Rendered layouts/_header.html.erb (1.2ms)
Completed 200 OK in 44ms (Views: 42.6ms | ActiveRecord: 0.0ms)


Started GET "/users/sign_up" for 127.0.0.1 at 2018-05-23 16:11:50 +0530
Processing by Devise::RegistrationsController#new as HTML
  Rendering /home/viva/.rvm/gems/ruby-2.5.1/gems/devise-4.4.3/app/views/devise/registrations/new.html.erb within layouts/application
  Rendered /home/viva/.rvm/gems/ruby-2.5.1/gems/devise-4.4.3/app/views/devise/shared/_links.html.erb (0.7ms)
  Rendered /home/viva/.rvm/gems/ruby-2.5.1/gems/devise-4.4.3/app/views/devise/registrations/new.html.erb within layouts/application (3.5ms)
  Rendered layouts/_login_items.html.erb (0.6ms)
  Rendered layouts/_header.html.erb (1.2ms)
Completed 200 OK in 37ms (Views: 36.0ms | ActiveRecord: 0.0ms)


Started GET "/users/sign_in" for 127.0.0.1 at 2018-05-23 16:11:51 +0530
Processing by Users::SessionsController#new as HTML
  Rendering users/sessions/new.html.erb within layouts/application
  Rendered users/shared/_links.html.erb (0.9ms)
  Rendered users/sessions/new.html.erb within layouts/application (4.4ms)
  Rendered layouts/_login_items.html.erb (0.7ms)
  Rendered layouts/_header.html.erb (1.4ms)
Completed 200 OK in 44ms (Views: 42.7ms | ActiveRecord: 0.0ms)


Started GET "/users/sign_up" for 127.0.0.1 at 2018-05-23 16:11:51 +0530
Processing by Devise::RegistrationsController#new as HTML
  Rendering /home/viva/.rvm/gems/ruby-2.5.1/gems/devise-4.4.3/app/views/devise/registrations/new.html.erb within layouts/application
  Rendered /home/viva/.rvm/gems/ruby-2.5.1/gems/devise-4.4.3/app/views/devise/shared/_links.html.erb (1.2ms)
  Rendered /home/viva/.rvm/gems/ruby-2.5.1/gems/devise-4.4.3/app/views/devise/registrations/new.html.erb within layouts/application (4.1ms)
  Rendered layouts/_login_items.html.erb (0.7ms)
  Rendered layouts/_header.html.erb (1.3ms)
Completed 200 OK in 38ms (Views: 37.2ms | ActiveRecord: 0.0ms)


Started GET "/users/sign_in" for 127.0.0.1 at 2018-05-23 16:11:52 +0530
Processing by Users::SessionsController#new as HTML
  Rendering users/sessions/new.html.erb within layouts/application
  Rendered users/shared/_links.html.erb (0.8ms)
  Rendered users/sessions/new.html.erb within layouts/application (4.2ms)
  Rendered layouts/_login_items.html.erb (0.6ms)
  Rendered layouts/_header.html.erb (1.6ms)
Completed 200 OK in 42ms (Views: 40.3ms | ActiveRecord: 0.0ms)


Started GET "/users/sign_up" for 127.0.0.1 at 2018-05-23 16:11:53 +0530
Processing by Devise::RegistrationsController#new as HTML
  Rendering /home/viva/.rvm/gems/ruby-2.5.1/gems/devise-4.4.3/app/views/devise/registrations/new.html.erb within layouts/application
  Rendered /home/viva/.rvm/gems/ruby-2.5.1/gems/devise-4.4.3/app/views/devise/shared/_links.html.erb (1.0ms)
  Rendered /home/viva/.rvm/gems/ruby-2.5.1/gems/devise-4.4.3/app/views/devise/registrations/new.html.erb within layouts/application (4.1ms)
  Rendered layouts/_login_items.html.erb (0.7ms)
  Rendered layouts/_header.html.erb (2.1ms)
Completed 200 OK in 45ms (Views: 44.4ms | ActiveRecord: 0.0ms)


Started GET "/users/sign_in" for 127.0.0.1 at 2018-05-23 16:11:54 +0530
Processing by Users::SessionsController#new as HTML
  Rendering users/sessions/new.html.erb within layouts/application
  Rendered users/shared/_links.html.erb (1.0ms)
  Rendered users/sessions/new.html.erb within layouts/application (4.0ms)
  Rendered layouts/_login_items.html.erb (0.6ms)
  Rendered layouts/_header.html.erb (1.3ms)
Completed 200 OK in 46ms (Views: 45.0ms | ActiveRecord: 0.0ms)


Started GET "/users/sign_up" for 127.0.0.1 at 2018-05-23 16:12:22 +0530
Processing by Devise::RegistrationsController#new as HTML
  Rendering /home/viva/.rvm/gems/ruby-2.5.1/gems/devise-4.4.3/app/views/devise/registrations/new.html.erb within layouts/application
  Rendered /home/viva/.rvm/gems/ruby-2.5.1/gems/devise-4.4.3/app/views/devise/shared/_links.html.erb (1.0ms)
  Rendered /home/viva/.rvm/gems/ruby-2.5.1/gems/devise-4.4.3/app/views/devise/registrations/new.html.erb within layouts/application (5.3ms)
  Rendered layouts/_login_items.html.erb (0.7ms)
  Rendered layouts/_header.html.erb (1.9ms)
Completed 200 OK in 43ms (Views: 42.6ms | ActiveRecord: 0.0ms)


Started GET "/users/sign_in" for 127.0.0.1 at 2018-05-23 16:12:23 +0530
Processing by Users::SessionsController#new as HTML
  Rendering users/sessions/new.html.erb within layouts/application
  Rendered users/shared/_links.html.erb (0.9ms)
  Rendered users/sessions/new.html.erb within layouts/application (4.3ms)
  Rendered layouts/_login_items.html.erb (0.7ms)
  Rendered layouts/_header.html.erb (1.3ms)
Completed 200 OK in 42ms (Views: 40.5ms | ActiveRecord: 0.0ms)


Started GET "/users/sign_up" for 127.0.0.1 at 2018-05-23 16:12:25 +0530
Processing by Devise::RegistrationsController#new as HTML
  Rendering /home/viva/.rvm/gems/ruby-2.5.1/gems/devise-4.4.3/app/views/devise/registrations/new.html.erb within layouts/application
  Rendered /home/viva/.rvm/gems/ruby-2.5.1/gems/devise-4.4.3/app/views/devise/shared/_links.html.erb (0.9ms)
  Rendered /home/viva/.rvm/gems/ruby-2.5.1/gems/devise-4.4.3/app/views/devise/registrations/new.html.erb within layouts/application (3.6ms)
  Rendered layouts/_login_items.html.erb (0.6ms)
  Rendered layouts/_header.html.erb (1.3ms)
Completed 200 OK in 44ms (Views: 43.2ms | ActiveRecord: 0.0ms)


Started GET "/users/sign_in" for 127.0.0.1 at 2018-05-23 16:12:25 +0530
Processing by Users::SessionsController#new as HTML
  Rendering users/sessions/new.html.erb within layouts/application
  Rendered users/shared/_links.html.erb (0.8ms)
  Rendered users/sessions/new.html.erb within layouts/application (3.2ms)
  Rendered layouts/_login_items.html.erb (0.6ms)
  Rendered layouts/_header.html.erb (1.3ms)
Completed 200 OK in 38ms (Views: 37.0ms | ActiveRecord: 0.0ms)


Started GET "/users/sign_in" for 127.0.0.1 at 2018-05-23 16:13:43 +0530
Processing by Users::SessionsController#new as HTML
  Rendering users/sessions/new.html.erb within layouts/application
  Rendered users/shared/_links.html.erb (0.9ms)
  Rendered users/sessions/new.html.erb within layouts/application (3.4ms)
  Rendered layouts/_login_items.html.erb (0.6ms)
  Rendered layouts/_header.html.erb (1.3ms)
Completed 200 OK in 39ms (Views: 38.4ms | ActiveRecord: 0.0ms)


Started GET "/users/sign_in" for 127.0.0.1 at 2018-05-23 16:13:45 +0530
Processing by Users::SessionsController#new as HTML
  Rendering users/sessions/new.html.erb within layouts/application
  Rendered users/shared/_links.html.erb (1.0ms)
  Rendered users/sessions/new.html.erb within layouts/application (3.5ms)
  Rendered layouts/_login_items.html.erb (0.7ms)
  Rendered layouts/_header.html.erb (1.3ms)
Completed 200 OK in 41ms (Views: 39.8ms | ActiveRecord: 0.0ms)


Started GET "/users/sign_in" for 127.0.0.1 at 2018-05-23 16:18:37 +0530
  [1m[35m (0.4ms)[0m  [1m[34mSELECT "schema_migrations"."version" FROM "schema_migrations" ORDER BY "schema_migrations"."version" ASC[0m
  ↳ /home/viva/.rvm/gems/ruby-2.5.1/gems/activerecord-5.2.0/lib/active_record/log_subscriber.rb:98
Processing by Users::SessionsController#new as HTML
  Rendering users/sessions/new.html.erb within layouts/application
  Rendered /home/viva/.rvm/gems/ruby-2.5.1/gems/devise-4.4.3/app/views/devise/shared/_links.html.erb (1.3ms)
  Rendered users/sessions/new.html.erb within layouts/application (7.3ms)
  Rendered layouts/_login_items.html.erb (0.7ms)
  Rendered layouts/_header.html.erb (1.4ms)
Completed 200 OK in 262ms (Views: 238.9ms | ActiveRecord: 3.8ms)


Started GET "/users/sign_in" for 127.0.0.1 at 2018-05-23 16:18:43 +0530
Processing by Users::SessionsController#new as HTML
  Rendering users/sessions/new.html.erb within layouts/application
  Rendered /home/viva/.rvm/gems/ruby-2.5.1/gems/devise-4.4.3/app/views/devise/shared/_links.html.erb (0.8ms)
  Rendered users/sessions/new.html.erb within layouts/application (3.1ms)
  Rendered layouts/_login_items.html.erb (0.6ms)
  Rendered layouts/_header.html.erb (1.3ms)
Completed 200 OK in 36ms (Views: 35.0ms | ActiveRecord: 0.0ms)


Started GET "/users/sign_up" for 127.0.0.1 at 2018-05-23 16:18:45 +0530
Processing by Devise::RegistrationsController#new as HTML
  Rendering /home/viva/.rvm/gems/ruby-2.5.1/gems/devise-4.4.3/app/views/devise/registrations/new.html.erb within layouts/application
  Rendered /home/viva/.rvm/gems/ruby-2.5.1/gems/devise-4.4.3/app/views/devise/shared/_links.html.erb (1.2ms)
  Rendered /home/viva/.rvm/gems/ruby-2.5.1/gems/devise-4.4.3/app/views/devise/registrations/new.html.erb within layouts/application (3.8ms)
  Rendered layouts/_login_items.html.erb (0.6ms)
  Rendered layouts/_header.html.erb (1.2ms)
Completed 200 OK in 35ms (Views: 34.7ms | ActiveRecord: 0.0ms)


Started GET "/users/sign_up" for 127.0.0.1 at 2018-05-23 16:18:47 +0530
Processing by Devise::RegistrationsController#new as HTML
  Rendering /home/viva/.rvm/gems/ruby-2.5.1/gems/devise-4.4.3/app/views/devise/registrations/new.html.erb within layouts/application
  Rendered /home/viva/.rvm/gems/ruby-2.5.1/gems/devise-4.4.3/app/views/devise/shared/_links.html.erb (0.8ms)
  Rendered /home/viva/.rvm/gems/ruby-2.5.1/gems/devise-4.4.3/app/views/devise/registrations/new.html.erb within layouts/application (3.1ms)
  Rendered layouts/_login_items.html.erb (0.6ms)
  Rendered layouts/_header.html.erb (1.2ms)
Completed 200 OK in 46ms (Views: 45.7ms | ActiveRecord: 0.0ms)


Started GET "/users/sign_up" for 127.0.0.1 at 2018-05-23 16:18:48 +0530
Processing by Devise::RegistrationsController#new as HTML
  Rendering /home/viva/.rvm/gems/ruby-2.5.1/gems/devise-4.4.3/app/views/devise/registrations/new.html.erb within layouts/application
  Rendered /home/viva/.rvm/gems/ruby-2.5.1/gems/devise-4.4.3/app/views/devise/shared/_links.html.erb (0.5ms)
  Rendered /home/viva/.rvm/gems/ruby-2.5.1/gems/devise-4.4.3/app/views/devise/registrations/new.html.erb within layouts/application (2.9ms)
  Rendered layouts/_login_items.html.erb (1.2ms)
  Rendered layouts/_header.html.erb (2.4ms)
Completed 200 OK in 36ms (Views: 35.6ms | ActiveRecord: 0.0ms)


Started GET "/users/sign_up" for 127.0.0.1 at 2018-05-23 16:18:48 +0530
Processing by Devise::RegistrationsController#new as HTML
  Rendering /home/viva/.rvm/gems/ruby-2.5.1/gems/devise-4.4.3/app/views/devise/registrations/new.html.erb within layouts/application
  Rendered /home/viva/.rvm/gems/ruby-2.5.1/gems/devise-4.4.3/app/views/devise/shared/_links.html.erb (0.5ms)
  Rendered /home/viva/.rvm/gems/ruby-2.5.1/gems/devise-4.4.3/app/views/devise/registrations/new.html.erb within layouts/application (2.5ms)
  Rendered layouts/_login_items.html.erb (0.7ms)
  Rendered layouts/_header.html.erb (1.4ms)
Completed 200 OK in 37ms (Views: 36.8ms | ActiveRecord: 0.0ms)


Started GET "/users/sign_up" for 127.0.0.1 at 2018-05-23 16:18:48 +0530
Processing by Devise::RegistrationsController#new as HTML
  Rendering /home/viva/.rvm/gems/ruby-2.5.1/gems/devise-4.4.3/app/views/devise/registrations/new.html.erb within layouts/application
  Rendered /home/viva/.rvm/gems/ruby-2.5.1/gems/devise-4.4.3/app/views/devise/shared/_links.html.erb (0.6ms)
  Rendered /home/viva/.rvm/gems/ruby-2.5.1/gems/devise-4.4.3/app/views/devise/registrations/new.html.erb within layouts/application (2.5ms)
  Rendered layouts/_login_items.html.erb (0.6ms)
  Rendered layouts/_header.html.erb (1.2ms)
Completed 200 OK in 36ms (Views: 35.6ms | ActiveRecord: 0.0ms)


Started GET "/users/sign_up" for 127.0.0.1 at 2018-05-23 16:18:48 +0530
Processing by Devise::RegistrationsController#new as HTML
  Rendering /home/viva/.rvm/gems/ruby-2.5.1/gems/devise-4.4.3/app/views/devise/registrations/new.html.erb within layouts/application
  Rendered /home/viva/.rvm/gems/ruby-2.5.1/gems/devise-4.4.3/app/views/devise/shared/_links.html.erb (0.5ms)
  Rendered /home/viva/.rvm/gems/ruby-2.5.1/gems/devise-4.4.3/app/views/devise/registrations/new.html.erb within layouts/application (2.5ms)
  Rendered layouts/_login_items.html.erb (0.6ms)
  Rendered layouts/_header.html.erb (1.2ms)
Completed 200 OK in 38ms (Views: 37.5ms | ActiveRecord: 0.0ms)


Started GET "/users/sign_in" for 127.0.0.1 at 2018-05-23 16:18:49 +0530
Processing by Users::SessionsController#new as HTML
  Rendering users/sessions/new.html.erb within layouts/application
  Rendered /home/viva/.rvm/gems/ruby-2.5.1/gems/devise-4.4.3/app/views/devise/shared/_links.html.erb (1.1ms)
  Rendered users/sessions/new.html.erb within layouts/application (4.2ms)
  Rendered layouts/_login_items.html.erb (0.7ms)
  Rendered layouts/_header.html.erb (1.4ms)
Completed 200 OK in 46ms (Views: 45.3ms | ActiveRecord: 0.0ms)


Started GET "/users/sign_up" for 127.0.0.1 at 2018-05-23 16:18:54 +0530
Processing by Devise::RegistrationsController#new as HTML
  Rendering /home/viva/.rvm/gems/ruby-2.5.1/gems/devise-4.4.3/app/views/devise/registrations/new.html.erb within layouts/application
  Rendered /home/viva/.rvm/gems/ruby-2.5.1/gems/devise-4.4.3/app/views/devise/shared/_links.html.erb (1.7ms)
  Rendered /home/viva/.rvm/gems/ruby-2.5.1/gems/devise-4.4.3/app/views/devise/registrations/new.html.erb within layouts/application (7.1ms)
  Rendered layouts/_login_items.html.erb (1.0ms)
  Rendered layouts/_header.html.erb (2.0ms)
Completed 200 OK in 70ms (Views: 68.0ms | ActiveRecord: 0.0ms)


Started GET "/users/sign_in" for 127.0.0.1 at 2018-05-23 16:18:56 +0530
Processing by Users::SessionsController#new as HTML
  Rendering users/sessions/new.html.erb within layouts/application
  Rendered /home/viva/.rvm/gems/ruby-2.5.1/gems/devise-4.4.3/app/views/devise/shared/_links.html.erb (1.2ms)
  Rendered users/sessions/new.html.erb within layouts/application (4.9ms)
  Rendered layouts/_login_items.html.erb (0.9ms)
  Rendered layouts/_header.html.erb (1.9ms)
Completed 200 OK in 56ms (Views: 54.9ms | ActiveRecord: 0.0ms)


Started GET "/users/sign_up" for 127.0.0.1 at 2018-05-23 16:19:36 +0530
Processing by Users::RegistrationsController#new as HTML
  Rendering users/registrations/new.html.erb within layouts/application
  Rendered users/registrations/new.html.erb within layouts/application (114.7ms)
Completed 500 Internal Server Error in 130ms (ActiveRecord: 2.9ms)


  
ActionView::Template::Error (undefined method `bootstrap_devise_error_messages!' for #<#<Class:0x00007f73014dcad0>:0x00007f73014d4998>):
    1: <%= bootstrap_devise_error_messages! %>
    2: <div class="panel panel-default devise-bs">
    3:   <div class="panel-heading">
    4:     <h4><%= t('.sign_up', :default => "Sign up") %></h4>
  
app/views/users/registrations/new.html.erb:1:in `_app_views_users_registrations_new_html_erb__669905040445965961_70065959882000'
Started GET "/users/sign_up" for 127.0.0.1 at 2018-05-23 16:20:37 +0530
Processing by Users::RegistrationsController#new as HTML
  Rendering users/registrations/new.html.erb within layouts/application
  Rendered users/registrations/new.html.erb within layouts/application (157.6ms)
Completed 500 Internal Server Error in 161ms (ActiveRecord: 0.0ms)


  
ActionView::Template::Error (undefined method `bootstrap_devise_error_messages!' for #<#<Class:0x00007f73014dcad0>:0x00007f73019fc128>):
    1: <%= bootstrap_devise_error_messages! %>
    2: <div class="panel panel-default devise-bs">
    3:   <div class="panel-heading">
    4:     <h4><%= t('.sign_up', :default => "Sign up") %></h4>
  
app/views/users/registrations/new.html.erb:1:in `_app_views_users_registrations_new_html_erb__669905040445965961_70065962770340'
Started GET "/users/sign_up" for 127.0.0.1 at 2018-05-23 16:20:46 +0530
  [1m[35m (0.4ms)[0m  [1m[34mSELECT "schema_migrations"."version" FROM "schema_migrations" ORDER BY "schema_migrations"."version" ASC[0m
  ↳ /home/viva/.rvm/gems/ruby-2.5.1/gems/activerecord-5.2.0/lib/active_record/log_subscriber.rb:98
Processing by Users::RegistrationsController#new as HTML
  Rendering users/registrations/new.html.erb within layouts/application
  Rendered /home/viva/.rvm/gems/ruby-2.5.1/gems/devise-4.4.3/app/views/devise/shared/_links.html.erb (0.6ms)
  Rendered users/registrations/new.html.erb within layouts/application (144.5ms)
  Rendered layouts/_login_items.html.erb (0.8ms)
  Rendered layouts/_header.html.erb (1.7ms)
Completed 200 OK in 1780ms (Views: 1756.1ms | ActiveRecord: 3.3ms)


Started GET "/users/sign_up" for 127.0.0.1 at 2018-05-23 16:20:50 +0530
Processing by Users::RegistrationsController#new as HTML
  Rendering users/registrations/new.html.erb within layouts/application
  Rendered /home/viva/.rvm/gems/ruby-2.5.1/gems/devise-4.4.3/app/views/devise/shared/_links.html.erb (1.6ms)
  Rendered users/registrations/new.html.erb within layouts/application (4.6ms)
  Rendered layouts/_login_items.html.erb (0.6ms)
  Rendered layouts/_header.html.erb (1.3ms)
Completed 200 OK in 38ms (Views: 37.7ms | ActiveRecord: 0.0ms)


Started GET "/users/sign_in" for 127.0.0.1 at 2018-05-23 16:20:51 +0530
Processing by Users::SessionsController#new as HTML
  Rendering users/sessions/new.html.erb within layouts/application
  Rendered /home/viva/.rvm/gems/ruby-2.5.1/gems/devise-4.4.3/app/views/devise/shared/_links.html.erb (1.0ms)
  Rendered users/sessions/new.html.erb within layouts/application (4.9ms)
  Rendered layouts/_login_items.html.erb (0.6ms)
  Rendered layouts/_header.html.erb (1.2ms)
Completed 200 OK in 40ms (Views: 39.2ms | ActiveRecord: 0.0ms)


Started GET "/users/sign_up" for 127.0.0.1 at 2018-05-23 16:20:51 +0530
Processing by Users::RegistrationsController#new as HTML
  Rendering users/registrations/new.html.erb within layouts/application
  Rendered /home/viva/.rvm/gems/ruby-2.5.1/gems/devise-4.4.3/app/views/devise/shared/_links.html.erb (1.0ms)
  Rendered users/registrations/new.html.erb within layouts/application (3.9ms)
  Rendered layouts/_login_items.html.erb (0.6ms)
  Rendered layouts/_header.html.erb (1.3ms)
Completed 200 OK in 42ms (Views: 41.1ms | ActiveRecord: 0.0ms)


Started GET "/users/sign_in" for 127.0.0.1 at 2018-05-23 16:20:52 +0530
Processing by Users::SessionsController#new as HTML
  Rendering users/sessions/new.html.erb within layouts/application
  Rendered /home/viva/.rvm/gems/ruby-2.5.1/gems/devise-4.4.3/app/views/devise/shared/_links.html.erb (0.9ms)
  Rendered users/sessions/new.html.erb within layouts/application (5.1ms)
  Rendered layouts/_login_items.html.erb (0.6ms)
  Rendered layouts/_header.html.erb (1.2ms)
Completed 200 OK in 41ms (Views: 40.5ms | ActiveRecord: 0.0ms)


Started GET "/users/sign_up" for 127.0.0.1 at 2018-05-23 16:20:53 +0530
Processing by Users::RegistrationsController#new as HTML
  Rendering users/registrations/new.html.erb within layouts/application
  Rendered /home/viva/.rvm/gems/ruby-2.5.1/gems/devise-4.4.3/app/views/devise/shared/_links.html.erb (1.0ms)
  Rendered users/registrations/new.html.erb within layouts/application (4.0ms)
  Rendered layouts/_login_items.html.erb (0.6ms)
  Rendered layouts/_header.html.erb (1.2ms)
Completed 200 OK in 44ms (Views: 42.9ms | ActiveRecord: 0.0ms)


Started POST "/users" for 127.0.0.1 at 2018-05-23 16:21:21 +0530
Processing by Users::RegistrationsController#create as HTML
  Parameters: {"utf8"=>"✓", "authenticity_token"=>"uQsytDNXZ4dTioqXbBhpj8RLA6PrSfLX8vMChfSs/H+YjktlO8c8CKMBNPfkZbtTBZr26Jq/I+N+fChL10EHQQ==", "user"=>{"email"=>"rahul.tiwari@vivacityinfotech.com", "password"=>"[FILTERED]", "password_confirmation"=>"[FILTERED]"}, "commit"=>"Sign up"}
  [1m[35m (0.2ms)[0m  [1m[35mBEGIN[0m
  ↳ /home/viva/.rvm/gems/ruby-2.5.1/gems/activerecord-5.2.0/lib/active_record/log_subscriber.rb:98
  [1m[36mUser Exists (0.6ms)[0m  [1m[34mSELECT  1 AS one FROM "users" WHERE "users"."email" = $1 LIMIT $2[0m  [["email", "rahul.tiwari@vivacityinfotech.com"], ["LIMIT", 1]]
  ↳ /home/viva/.rvm/gems/ruby-2.5.1/gems/activerecord-5.2.0/lib/active_record/log_subscriber.rb:98
  [1m[36mUser Create (0.4ms)[0m  [1m[32mINSERT INTO "users" ("email", "encrypted_password", "created_at", "updated_at") VALUES ($1, $2, $3, $4) RETURNING "id"[0m  [["email", "rahul.tiwari@vivacityinfotech.com"], ["encrypted_password", "$2a$11$d4H6gQdG9/hSjAJLi/zYwe/hMYozWSwKXqgAAOtvXsn7DYI1rGdqm"], ["created_at", "2018-05-23 10:51:21.319668"], ["updated_at", "2018-05-23 10:51:21.319668"]]
  ↳ /home/viva/.rvm/gems/ruby-2.5.1/gems/activerecord-5.2.0/lib/active_record/log_subscriber.rb:98
  [1m[35m (13.5ms)[0m  [1m[35mCOMMIT[0m
  ↳ /home/viva/.rvm/gems/ruby-2.5.1/gems/activerecord-5.2.0/lib/active_record/log_subscriber.rb:98
  [1m[35m (0.2ms)[0m  [1m[35mBEGIN[0m
  ↳ /home/viva/.rvm/gems/ruby-2.5.1/gems/activerecord-5.2.0/lib/active_record/log_subscriber.rb:98
  [1m[36mUser Update (0.4ms)[0m  [1m[33mUPDATE "users" SET "sign_in_count" = $1, "current_sign_in_at" = $2, "last_sign_in_at" = $3, "current_sign_in_ip" = $4, "last_sign_in_ip" = $5, "updated_at" = $6 WHERE "users"."id" = $7[0m  [["sign_in_count", 1], ["current_sign_in_at", "2018-05-23 10:51:21.335017"], ["last_sign_in_at", "2018-05-23 10:51:21.335017"], ["current_sign_in_ip", "127.0.0.1/32"], ["last_sign_in_ip", "127.0.0.1/32"], ["updated_at", "2018-05-23 10:51:21.335683"], ["id", 1]]
  ↳ /home/viva/.rvm/gems/ruby-2.5.1/gems/activerecord-5.2.0/lib/active_record/log_subscriber.rb:98
  [1m[35m (10.5ms)[0m  [1m[35mCOMMIT[0m
  ↳ /home/viva/.rvm/gems/ruby-2.5.1/gems/activerecord-5.2.0/lib/active_record/log_subscriber.rb:98
Redirected to http://localhost:3000/
Completed 302 Found in 165ms (ActiveRecord: 25.8ms)


Started GET "/" for 127.0.0.1 at 2018-05-23 16:21:21 +0530
Processing by PagesController#index as HTML
  Rendering pages/index.html.erb within layouts/application
  Rendered pages/index.html.erb within layouts/application (0.2ms)
  [1m[36mUser Load (0.5ms)[0m  [1m[34mSELECT  "users".* FROM "users" WHERE "users"."id" = $1 ORDER BY "users"."id" ASC LIMIT $2[0m  [["id", 1], ["LIMIT", 1]]
  ↳ app/views/layouts/_login_items.html.erb:1
  Rendered layouts/_login_items.html.erb (19.2ms)
  Rendered layouts/_header.html.erb (19.9ms)
Completed 200 OK in 56ms (Views: 54.9ms | ActiveRecord: 0.5ms)


Started GET "/users/edit" for 127.0.0.1 at 2018-05-23 16:21:29 +0530
Processing by Users::RegistrationsController#edit as HTML
  [1m[36mUser Load (0.5ms)[0m  [1m[34mSELECT  "users".* FROM "users" WHERE "users"."id" = $1 ORDER BY "users"."id" ASC LIMIT $2[0m  [["id", 1], ["LIMIT", 1]]
  ↳ /home/viva/.rvm/gems/ruby-2.5.1/gems/activerecord-5.2.0/lib/active_record/log_subscriber.rb:98
  Rendering users/registrations/edit.html.erb within layouts/application
  Rendered users/registrations/edit.html.erb within layouts/application (3.9ms)
  Rendered layouts/_login_items.html.erb (0.6ms)
  Rendered layouts/_header.html.erb (1.4ms)
Completed 200 OK in 50ms (Views: 47.3ms | ActiveRecord: 0.5ms)


Started GET "/users/edit" for 127.0.0.1 at 2018-05-23 16:21:56 +0530
Processing by Users::RegistrationsController#edit as HTML
  [1m[36mUser Load (0.5ms)[0m  [1m[34mSELECT  "users".* FROM "users" WHERE "users"."id" = $1 ORDER BY "users"."id" ASC LIMIT $2[0m  [["id", 1], ["LIMIT", 1]]
  ↳ /home/viva/.rvm/gems/ruby-2.5.1/gems/activerecord-5.2.0/lib/active_record/log_subscriber.rb:98
  Rendering users/registrations/edit.html.erb within layouts/application
  Rendered users/registrations/edit.html.erb within layouts/application (3.2ms)
  Rendered layouts/_login_items.html.erb (1.0ms)
  Rendered layouts/_header.html.erb (2.0ms)
Completed 200 OK in 50ms (Views: 47.7ms | ActiveRecord: 0.5ms)


Started GET "/users/edit" for 127.0.0.1 at 2018-05-23 16:21:57 +0530
Processing by Users::RegistrationsController#edit as HTML
  [1m[36mUser Load (0.5ms)[0m  [1m[34mSELECT  "users".* FROM "users" WHERE "users"."id" = $1 ORDER BY "users"."id" ASC LIMIT $2[0m  [["id", 1], ["LIMIT", 1]]
  ↳ /home/viva/.rvm/gems/ruby-2.5.1/gems/activerecord-5.2.0/lib/active_record/log_subscriber.rb:98
  Rendering users/registrations/edit.html.erb within layouts/application
  Rendered users/registrations/edit.html.erb within layouts/application (3.5ms)
  Rendered layouts/_login_items.html.erb (0.5ms)
  Rendered layouts/_header.html.erb (1.2ms)
Completed 200 OK in 66ms (Views: 62.2ms | ActiveRecord: 0.5ms)


Started GET "/users/edit" for 127.0.0.1 at 2018-05-23 16:21:57 +0530
Processing by Users::RegistrationsController#edit as HTML
  [1m[36mUser Load (0.3ms)[0m  [1m[34mSELECT  "users".* FROM "users" WHERE "users"."id" = $1 ORDER BY "users"."id" ASC LIMIT $2[0m  [["id", 1], ["LIMIT", 1]]
  ↳ /home/viva/.rvm/gems/ruby-2.5.1/gems/activerecord-5.2.0/lib/active_record/log_subscriber.rb:98
  Rendering users/registrations/edit.html.erb within layouts/application
  Rendered users/registrations/edit.html.erb within layouts/application (4.9ms)
  Rendered layouts/_login_items.html.erb (0.7ms)
  Rendered layouts/_header.html.erb (1.3ms)
Completed 200 OK in 64ms (Views: 61.8ms | ActiveRecord: 0.3ms)


